<?xml version="1.0" encoding="UTF-8"?>
<testng-results ignored="0" total="1" passed="1" failed="0" skipped="0">
  <reporter-output>
  </reporter-output>
  <suite started-at="2022-06-22T12:25:15 BDT" name="Regression" finished-at="2022-06-22T12:26:24 BDT" duration-ms="69104">
    <groups>
    </groups>
    <test started-at="2022-06-22T12:25:15 BDT" name="UITest" finished-at="2022-06-22T12:26:24 BDT" duration-ms="69104">
      <class name="com.javaproject.automationsqa.testcase.TestCase1RegisterUserTc">
        <test-method is-config="true" signature="beforeClass()[pri:0, instance:com.javaproject.automationsqa.testcase.TestCase1RegisterUserTc@1ba9117e]" started-at="2022-06-22T12:25:15 BDT" name="beforeClass" finished-at="2022-06-22T12:25:18 BDT" duration-ms="2302" status="PASS">
          <reporter-output>
          </reporter-output>
        </test-method> <!-- beforeClass -->
        <test-method is-config="true" signature="beforeMethod()[pri:0, instance:com.javaproject.automationsqa.testcase.TestCase1RegisterUserTc@1ba9117e]" started-at="2022-06-22T12:25:18 BDT" name="beforeMethod" finished-at="2022-06-22T12:25:23 BDT" duration-ms="5667" status="PASS">
          <reporter-output>
          </reporter-output>
        </test-method> <!-- beforeMethod -->
        <test-method signature="testCase1RegisterUserTc()[pri:0, instance:com.javaproject.automationsqa.testcase.TestCase1RegisterUserTc@1ba9117e]" started-at="2022-06-22T12:25:23 BDT" name="testCase1RegisterUserTc" finished-at="2022-06-22T12:26:24 BDT" duration-ms="60390" status="PASS">
          <reporter-output>
          </reporter-output>
        </test-method> <!-- testCase1RegisterUserTc -->
        <test-method is-config="true" signature="afterTest()[pri:0, instance:com.javaproject.automationsqa.testcase.TestCase1RegisterUserTc@1ba9117e]" started-at="2022-06-22T12:26:24 BDT" name="afterTest" finished-at="2022-06-22T12:26:24 BDT" duration-ms="0" status="PASS">
          <reporter-output>
          </reporter-output>
        </test-method> <!-- afterTest -->
        <test-method is-config="true" signature="afterClass()[pri:0, instance:com.javaproject.automationsqa.testcase.TestCase1RegisterUserTc@1ba9117e]" started-at="2022-06-22T12:26:24 BDT" name="afterClass" finished-at="2022-06-22T12:26:24 BDT" duration-ms="678" status="PASS">
          <reporter-output>
          </reporter-output>
        </test-method> <!-- afterClass -->
      </class> <!-- com.javaproject.automationsqa.testcase.TestCase1RegisterUserTc -->
    </test> <!-- UITest -->
  </suite> <!-- Regression -->
</testng-results>
