<?xml version="1.0" encoding="UTF-8"?>
<testng-results ignored="0" total="1" passed="1" failed="0" skipped="0">
  <reporter-output>
  </reporter-output>
  <suite started-at="2022-02-14T12:44:17 BDT" name="Regression" finished-at="2022-02-14T12:44:27 BDT" duration-ms="9752">
    <groups>
    </groups>
    <test started-at="2022-02-14T12:44:17 BDT" name="UITest" finished-at="2022-02-14T12:44:27 BDT" duration-ms="9752">
      <class name="com.javaproject.automationsqa.testcase.TestCase1RegisterUserTc">
        <test-method is-config="true" signature="beforeClass()[pri:0, instance:com.javaproject.automationsqa.testcase.TestCase1RegisterUserTc@2638011]" started-at="2022-02-14T12:44:17 BDT" name="beforeClass" finished-at="2022-02-14T12:44:20 BDT" duration-ms="3391" status="PASS">
          <reporter-output>
          </reporter-output>
        </test-method> <!-- beforeClass -->
        <test-method is-config="true" signature="beforeMethod()[pri:0, instance:com.javaproject.automationsqa.testcase.TestCase1RegisterUserTc@2638011]" started-at="2022-02-14T12:44:20 BDT" name="beforeMethod" finished-at="2022-02-14T12:44:26 BDT" duration-ms="5641" status="PASS">
          <reporter-output>
          </reporter-output>
        </test-method> <!-- beforeMethod -->
        <test-method signature="testCase1RegisterUserTc()[pri:0, instance:com.javaproject.automationsqa.testcase.TestCase1RegisterUserTc@2638011]" started-at="2022-02-14T12:44:26 BDT" name="testCase1RegisterUserTc" finished-at="2022-02-14T12:44:26 BDT" duration-ms="15" status="PASS">
          <reporter-output>
          </reporter-output>
        </test-method> <!-- testCase1RegisterUserTc -->
        <test-method is-config="true" signature="afterTest()[pri:0, instance:com.javaproject.automationsqa.testcase.TestCase1RegisterUserTc@2638011]" started-at="2022-02-14T12:44:26 BDT" name="afterTest" finished-at="2022-02-14T12:44:26 BDT" duration-ms="0" status="PASS">
          <reporter-output>
          </reporter-output>
        </test-method> <!-- afterTest -->
        <test-method is-config="true" signature="afterClass()[pri:0, instance:com.javaproject.automationsqa.testcase.TestCase1RegisterUserTc@2638011]" started-at="2022-02-14T12:44:26 BDT" name="afterClass" finished-at="2022-02-14T12:44:27 BDT" duration-ms="676" status="PASS">
          <reporter-output>
          </reporter-output>
        </test-method> <!-- afterClass -->
      </class> <!-- com.javaproject.automationsqa.testcase.TestCase1RegisterUserTc -->
    </test> <!-- UITest -->
  </suite> <!-- Regression -->
</testng-results>
